<?xml version="1.0" encoding="UTF-8"?>
<testsuite xmlns:xsi="http://www.w3.org/2001/XMLSchema-instance" xsi:noNamespaceSchemaLocation="https://maven.apache.org/surefire/maven-surefire-plugin/xsd/surefire-test-report-3.0.xsd" version="3.0" name="pl.mb.testing.AccountTest" time="0.228" tests="16" errors="0" skipped="0" failures="0">
  <properties>
    <property name="java.specification.version" value="17"/>
    <property name="sun.cpu.isalist" value="amd64"/>
    <property name="sun.jnu.encoding" value="Cp1252"/>
    <property name="java.class.path" value="C:\Users\Marcin\OneDrive\Dokumenty\JavaProjects\UdemyJavaTests\learning-unit-test-java\target\test-classes;C:\Users\Marcin\OneDrive\Dokumenty\JavaProjects\UdemyJavaTests\learning-unit-test-java\target\classes;C:\Users\Marcin\.m2\repository\org\junit\jupiter\junit-jupiter-engine\5.9.2\junit-jupiter-engine-5.9.2.jar;C:\Users\Marcin\.m2\repository\org\junit\platform\junit-platform-engine\1.9.2\junit-platform-engine-1.9.2.jar;C:\Users\Marcin\.m2\repository\org\apiguardian\apiguardian-api\1.1.2\apiguardian-api-1.1.2.jar;C:\Users\Marcin\.m2\repository\org\junit\jupiter\junit-jupiter-api\5.9.2\junit-jupiter-api-5.9.2.jar;C:\Users\Marcin\.m2\repository\org\opentest4j\opentest4j\1.2.0\opentest4j-1.2.0.jar;C:\Users\Marcin\.m2\repository\org\junit\platform\junit-platform-commons\1.9.2\junit-platform-commons-1.9.2.jar;C:\Users\Marcin\.m2\repository\org\junit\platform\junit-platform-launcher\1.9.2\junit-platform-launcher-1.9.2.jar;C:\Users\Marcin\.m2\repository\org\hamcrest\hamcrest\2.2\hamcrest-2.2.jar;C:\Users\Marcin\.m2\repository\org\junit\jupiter\junit-jupiter-params\5.9.2\junit-jupiter-params-5.9.2.jar;"/>
    <property name="java.vm.vendor" value="Eclipse Adoptium"/>
    <property name="sun.arch.data.model" value="64"/>
    <property name="user.variant" value=""/>
    <property name="java.vendor.url" value="https://adoptium.net/"/>
    <property name="user.timezone" value="Europe/Warsaw"/>
    <property name="user.country.format" value="PL"/>
    <property name="os.name" value="Windows 11"/>
    <property name="java.vm.specification.version" value="17"/>
    <property name="sun.java.launcher" value="SUN_STANDARD"/>
    <property name="user.country" value="US"/>
    <property name="sun.boot.library.path" value="C:\Soft\JDK\jdk-17.0.6+10\bin"/>
    <property name="sun.java.command" value="C:\Users\Marcin\AppData\Local\Temp\surefire2681186063264608325\surefirebooter7812335179924779671.jar C:\Users\Marcin\AppData\Local\Temp\surefire2681186063264608325 2023-03-06T23-07-59_712-jvmRun1 surefire15719241689662944468tmp surefire_010743085217666726189tmp"/>
    <property name="jdk.debug" value="release"/>
    <property name="surefire.test.class.path" value="C:\Users\Marcin\OneDrive\Dokumenty\JavaProjects\UdemyJavaTests\learning-unit-test-java\target\test-classes;C:\Users\Marcin\OneDrive\Dokumenty\JavaProjects\UdemyJavaTests\learning-unit-test-java\target\classes;C:\Users\Marcin\.m2\repository\org\junit\jupiter\junit-jupiter-engine\5.9.2\junit-jupiter-engine-5.9.2.jar;C:\Users\Marcin\.m2\repository\org\junit\platform\junit-platform-engine\1.9.2\junit-platform-engine-1.9.2.jar;C:\Users\Marcin\.m2\repository\org\apiguardian\apiguardian-api\1.1.2\apiguardian-api-1.1.2.jar;C:\Users\Marcin\.m2\repository\org\junit\jupiter\junit-jupiter-api\5.9.2\junit-jupiter-api-5.9.2.jar;C:\Users\Marcin\.m2\repository\org\opentest4j\opentest4j\1.2.0\opentest4j-1.2.0.jar;C:\Users\Marcin\.m2\repository\org\junit\platform\junit-platform-commons\1.9.2\junit-platform-commons-1.9.2.jar;C:\Users\Marcin\.m2\repository\org\junit\platform\junit-platform-launcher\1.9.2\junit-platform-launcher-1.9.2.jar;C:\Users\Marcin\.m2\repository\org\hamcrest\hamcrest\2.2\hamcrest-2.2.jar;C:\Users\Marcin\.m2\repository\org\junit\jupiter\junit-jupiter-params\5.9.2\junit-jupiter-params-5.9.2.jar;"/>
    <property name="sun.cpu.endian" value="little"/>
    <property name="user.home" value="C:\Users\Marcin"/>
    <property name="user.language" value="en"/>
    <property name="java.specification.vendor" value="Oracle Corporation"/>
    <property name="java.version.date" value="2023-01-17"/>
    <property name="java.home" value="C:\Soft\JDK\jdk-17.0.6+10"/>
    <property name="file.separator" value="\"/>
    <property name="basedir" value="C:\Users\Marcin\OneDrive\Dokumenty\JavaProjects\UdemyJavaTests\learning-unit-test-java"/>
    <property name="java.vm.compressedOopsMode" value="Zero based"/>
    <property name="line.separator" value="&#10;"/>
    <property name="java.vm.specification.vendor" value="Oracle Corporation"/>
    <property name="java.specification.name" value="Java Platform API Specification"/>
    <property name="surefire.real.class.path" value="C:\Users\Marcin\AppData\Local\Temp\surefire2681186063264608325\surefirebooter7812335179924779671.jar"/>
    <property name="user.script" value=""/>
    <property name="sun.management.compiler" value="HotSpot 64-Bit Tiered Compilers"/>
    <property name="java.runtime.version" value="17.0.6+10"/>
    <property name="user.name" value="Marcin"/>
    <property name="path.separator" value=";"/>
    <property name="os.version" value="10.0"/>
    <property name="java.runtime.name" value="OpenJDK Runtime Environment"/>
    <property name="file.encoding" value="Cp1252"/>
    <property name="java.vm.name" value="OpenJDK 64-Bit Server VM"/>
    <property name="java.vendor.version" value="Temurin-17.0.6+10"/>
    <property name="localRepository" value="C:\Users\Marcin\.m2\repository"/>
    <property name="java.vendor.url.bug" value="https://github.com/adoptium/adoptium-support/issues"/>
    <property name="java.io.tmpdir" value="C:\Users\Marcin\AppData\Local\Temp\"/>
    <property name="java.version" value="17.0.6"/>
    <property name="user.dir" value="C:\Users\Marcin\OneDrive\Dokumenty\JavaProjects\UdemyJavaTests\learning-unit-test-java"/>
    <property name="os.arch" value="amd64"/>
    <property name="java.vm.specification.name" value="Java Virtual Machine Specification"/>
    <property name="user.language.format" value="pl"/>
    <property name="sun.os.patch.level" value=""/>
    <property name="native.encoding" value="Cp1252"/>
    <property name="java.library.path" value="C:\Soft\JDK\jdk-17.0.6+10\bin;C:\Windows\Sun\Java\bin;C:\Windows\system32;C:\Windows;C:\Windows\system32;C:\Windows;C:\Windows\System32\Wbem;C:\Windows\System32\WindowsPowerShell\v1.0\;C:\Windows\System32\OpenSSH\;C:\Soft\JDK\jdk-17.0.6+10\bin;C:\Soft\Maven\apache-maven-3.8.7\bin;C:\Program Files (x86)\Microsoft SQL Server\160\Tools\Binn\;C:\Program Files\Microsoft SQL Server\160\Tools\Binn\;C:\Program Files\Microsoft SQL Server\Client SDK\ODBC\170\Tools\Binn\;C:\Program Files\Microsoft SQL Server\160\DTS\Binn\;C:\Program Files (x86)\Microsoft SQL Server\160\DTS\Binn\;C:\Program Files\Azure Data Studio\bin;C:\Program Files\dotnet\;C:\Program Files\Microsoft SQL Server\150\Tools\Binn\;C:\Program Files\Far Manager;C:\Users\Marcin\AppData\Local\Microsoft\WindowsApps;C:\Users\Marcin\AppData\Local\Programs\Microsoft VS Code\bin;C:\Users\Marcin\AppData\Local\Programs\Git\cmd;;."/>
    <property name="java.vm.info" value="mixed mode, sharing"/>
    <property name="java.vendor" value="Eclipse Adoptium"/>
    <property name="java.vm.version" value="17.0.6+10"/>
    <property name="sun.io.unicode.encoding" value="UnicodeLittle"/>
    <property name="java.class.version" value="61.0"/>
  </properties>
  <testcase name="accountShouldBeActiveWhenDeliveryAddressIsNotNull" classname="pl.mb.testing.AccountTest" time="0.088">
    <system-err><![CDATA[mar 06, 2023 11:08:01 PM org.junit.jupiter.engine.discovery.MethodSelectorResolver resolve
WARNING: Possible configuration error: method [void pl.mb.testing.AccountTest.accountShouldBeActiveWhenDeliveryAddressIsNotNull()] resulted in multiple TestDescriptors [org.junit.jupiter.engine.descriptor.TestMethodTestDescriptor, org.junit.jupiter.engine.descriptor.TestTemplateTestDescriptor]. This is typically the result of annotating a method with multiple competing annotations such as @Test, @RepeatedTest, @ParameterizedTest, @TestFactory, etc.
mar 06, 2023 11:08:01 PM org.junit.jupiter.engine.discovery.MethodSelectorResolver resolve
WARNING: Possible configuration error: method [void pl.mb.testing.AccountTest.accountShouldBeActiveWhenDeliveryAddressIsNotNull()] resulted in multiple TestDescriptors [org.junit.jupiter.engine.descriptor.TestTemplateTestDescriptor, org.junit.jupiter.engine.descriptor.TestMethodTestDescriptor]. This is typically the result of annotating a method with multiple competing annotations such as @Test, @RepeatedTest, @ParameterizedTest, @TestFactory, etc.
]]></system-err>
  </testcase>
  <testcase name="accountShouldBeActiveWhenDeliveryAddressIsNotNull" classname="pl.mb.testing.AccountTest" time="0.003"/>
  <testcase name="accountShouldBeActiveWhenDeliveryAddressIsNotNull" classname="pl.mb.testing.AccountTest" time="0.002"/>
  <testcase name="accountShouldBeActiveWhenDeliveryAddressIsNotNull" classname="pl.mb.testing.AccountTest" time="0.002"/>
  <testcase name="accountShouldBeActiveWhenDeliveryAddressIsNotNull" classname="pl.mb.testing.AccountTest" time="0.002"/>
  <testcase name="accountShouldBeActiveWhenDeliveryAddressIsNotNull" classname="pl.mb.testing.AccountTest" time="0.001"/>
  <testcase name="accountShouldBeActiveWhenDeliveryAddressIsNotNull" classname="pl.mb.testing.AccountTest" time="0.001"/>
  <testcase name="accountShouldBeActiveWhenDeliveryAddressIsNotNull" classname="pl.mb.testing.AccountTest" time="0.002"/>
  <testcase name="accountShouldBeActiveWhenDeliveryAddressIsNotNull" classname="pl.mb.testing.AccountTest" time="0.001"/>
  <testcase name="accountShouldBeActiveWhenDeliveryAddressIsNotNull" classname="pl.mb.testing.AccountTest" time="0.001"/>
  <testcase name="accountShouldBeActiveWhenDeliveryAddressIsNotNull" classname="pl.mb.testing.AccountTest" time="0.001"/>
  <testcase name="invalidEmailShouldThrowException" classname="pl.mb.testing.AccountTest" time="0.005"/>
  <testcase name="newlyCreatedAccountShouldBeNotActive" classname="pl.mb.testing.AccountTest" time="0.015"/>
  <testcase name="accountShouldBeActiveAfterActivation" classname="pl.mb.testing.AccountTest" time="0.001"/>
  <testcase name="defaultDeliveryAddressShouldNotBeNullAfterBeingSet" classname="pl.mb.testing.AccountTest" time="0.005"/>
  <testcase name="newlyCreatedAccountShouldNotHaveDefaultDeliveryAddressSet" classname="pl.mb.testing.AccountTest" time="0.002"/>
</testsuite>